0000000000000000 a __start__
0000000000000000 T _start
0000000000000000 b _TLS_MODULE_BASE_
0000000000000000 0000000000000008 b stbi__g_failure_reason
0000000000000008 0000000000000004 b stbi__vertically_flip_on_load_local
000000000000000c 0000000000000004 b stbi__vertically_flip_on_load_set
0000000000000010 0000000000000004 b stbi__de_iphone_flag_set
0000000000000014 0000000000000004 b stbi__de_iphone_flag_local
0000000000000018 0000000000000004 b stbi__unpremultiply_on_load_set
000000000000001c 0000000000000004 b stbi__unpremultiply_on_load_local
0000000000000020 0000000000000004 b fsdev_last_result
0000000000000028 0000000000000401 B __nx_dev_path_buf
00000000000000e0 T __nx_exit
00000000000000f0 T __nx_mod0
0000000000000140 0000000000000034 T exit
0000000000000180 00000000000001f8 T main
0000000000000380 t __do_global_dtors_aux
00000000000003e0 t frame_dummy
0000000000000410 0000000000000024 T clearLog
000000000000042c 0000000000000004 b g_fsPriority
0000000000000440 000000000000004c T logIntToFile
0000000000000490 000000000000005c T logPointerToFile
00000000000004f0 000000000000004c T logToFile
0000000000000540 0000000000000010 t stbi__stdio_eof
0000000000000550 000000000000007c t stbi__mad3sizes_valid
00000000000005d0 0000000000000074 t stbi__refill_buffer
0000000000000650 00000000000003ec t stbi__idct_block
0000000000000a40 0000000000000008 t resample_row_1
0000000000000a50 000000000000003c t stbi__resample_row_v_2
0000000000000a90 00000000000000a0 t stbi__resample_row_hv_2
0000000000000b30 0000000000000064 t stbi__resample_row_generic
0000000000000ba0 00000000000000e4 t stbi__YCbCr_to_RGB_row
0000000000000c90 0000000000000048 t stbi__bitreverse16
0000000000000ce0 0000000000000054 t stbi__fill_bits
0000000000000d40 0000000000000128 t stbi__zhuffman_decode
0000000000000e70 000000000000006c t stbi__high_bit
0000000000000ee0 0000000000000118 t stbi__out_gif_code
0000000000001000 0000000000000048 t stbi__stdio_skip
0000000000001050 0000000000000024 t stbi__stdio_read
0000000000001080 00000000000001dc t stbi__build_huffman
0000000000001260 00000000000000b4 t stbi__zexpand
0000000000001320 00000000000000d4 t stbi__getn
0000000000001400 00000000000000f0 t stbi__vertical_flip
00000000000014f0 0000000000000a94 t stbi__convert_format16
0000000000001f90 0000000000000118 t stbi__hdr_convert
00000000000020b0 00000000000000e0 t stbi__resample_row_h_2
0000000000002190 00000000000000ac t stbi__create_png_alpha_expand8
0000000000002240 0000000000000078 t stbi__shiftsigned
00000000000022c0 000000000000007c t stbi__free_jpeg_components.constprop.0
0000000000002340 000000000000008c t stbi__mad4sizes_valid.constprop.0
00000000000023d0 0000000000000208 t stbi__zbuild_huffman
00000000000025e0 000000000000004c t stbi__malloc_mad2
0000000000002630 000000000000012c t stbi__pnm_getinteger
0000000000002760 00000000000001c0 t stbi__pnm_skip_whitespace
0000000000002920 0000000000000168 t stbi__gif_parse_colortable
0000000000002a90 00000000000002ec t stbi__compute_huffman_codes
0000000000002d80 0000000000000628 t stbi__parse_zlib
00000000000033b0 0000000000000064 t stbi__malloc_mad3
0000000000003420 0000000000000a30 t stbi__convert_format
0000000000003e50 0000000000000904 t stbi__create_png_image_raw
0000000000004760 0000000000000154 t stbi__hdr_test
00000000000048c0 0000000000000054 t stbi__skip
0000000000004920 00000000000000b0 t stbi__get16be
00000000000049d0 00000000000000ac t stbi__get16le
0000000000004a80 0000000000000148 t stbi__get32le
0000000000004bd0 000000000000015c t stbi__get32be
0000000000004d30 0000000000000188 t stbi__hdr_gettoken
0000000000004ec0 00000000000000f0 t stbi__get_marker
0000000000004fb0 0000000000000114 t stbi__grow_buffer_unsafe
00000000000050d0 0000000000000094 t stbi__extend_receive
0000000000005170 0000000000000168 t stbi__jpeg_huff_decode
00000000000052e0 00000000000002b4 t stbi__jpeg_decode_block
00000000000055a0 0000000000000240 t stbi__jpeg_decode_block_prog_dc
00000000000057e0 0000000000000210 t stbi__pnm_info
00000000000059f0 000000000000040c t stbi__bmp_parse_header.constprop.0
0000000000005e00 0000000000000e84 t stbi__bmp_load.isra.0
0000000000006c90 0000000000000198 t stbi__gif_test_raw
0000000000006e30 00000000000006bc t stbi__hdr_load.isra.0
00000000000074f0 0000000000000438 t stbi__gif_header
0000000000007930 00000000000009d0 t stbi__gif_load_next.isra.0
0000000000008300 00000000000000d0 t stbi__gif_load.isra.0
00000000000083d0 0000000000000830 t stbi__process_marker
0000000000008c00 000000000000087c t stbi__decode_jpeg_header
0000000000009480 0000000000001480 t stbi__decode_jpeg_image
000000000000a900 00000000000000a8 T stbi_zlib_decode_malloc_guesssize_headerflag
000000000000a9b0 0000000000001348 t stbi__parse_png_file
000000000000bd00 00000000000030d4 t stbi__load_main
000000000000ede0 000000000000017c t stbi__load_and_postprocess_8bit
000000000000ef60 00000000000000e8 T stbi_load_from_file
000000000000f050 0000000000000030 T initImagesBuffers
000000000000f080 00000000000000a0 T clearImagesBuffers
000000000000f120 00000000000000b4 T drawLine
000000000000f1e0 0000000000000180 T loadPngImageIntoBuffer
000000000000f360 0000000000000140 T loadRawImageIntoBuffer
000000000000f4a0 00000000000000a0 T loadImageIntoBuffer
000000000000f540 0000000000000164 T getImageFromBuffer
000000000000f6b0 00000000000001ec T drawImage
000000000000f8a0 0000000000000018 t _appletInfiniteSleepLoop
000000000000f8c0 0000000000000108 t _appletCmdGetSession
000000000000f9d0 00000000000000cc t _appletCmdInU8NoOut
000000000000faa0 00000000000000cc t _appletCmdInU32NoOut
000000000000fb70 000000000000012c t _appletGetSessionProxy.constprop.0
000000000000fca0 0000000000000148 t _appletOpenLibraryAppletProxy.constprop.0
000000000000fdf0 00000000000000f8 t _appletCmdGetEvent
000000000000fef0 00000000000000d4 t _appletCmdNoInOutU8.isra.0
000000000000ffd0 00000000000000d4 t _appletCmdNoInOutU32.isra.0
00000000000100b0 00000000000000d4 t _appletCmdNoInOutU64.isra.0
0000000000010190 00000000000000c0 t _appletCmdNoIO.isra.0
0000000000010250 0000000000000010 T appletGetAppletType
0000000000010260 00000000000001b8 T appletSetFocusHandlingMode
0000000000010420 000000000000005c T appletSetCpuBoostMode
0000000000010480 000000000000002c T appletCreateManagedDisplayLayer
00000000000104b0 000000000000000c T appletGetAppletResourceUserId
00000000000104c0 0000000000000138 t _appletHolderCreateState
0000000000010600 00000000000000b0 T appletHolderClose
00000000000106b0 0000000000000024 T appletHolderGetLibraryAppletInfo
00000000000106e0 0000000000000090 T appletNotifyRunning
0000000000010770 0000000000000078 T appletSetGamePlayRecordingState
00000000000107f0 0000000000000ad4 t _appletCleanup
00000000000112d0 0000000000000048 T appletExit
0000000000011320 0000000000000040 T appletGetLibraryAppletInfo
0000000000011360 0000000000000c14 T appletInitialize
0000000000011f80 0000000000000024 t _appletExitProcess
0000000000011fb0 0000000000000074 T appletGetMessage
0000000000012030 0000000000000264 T appletProcessMessage
00000000000122a0 0000000000000034 T appletMainLoop
00000000000122e0 00000000000000cc t _smCmifCmdInPid
00000000000123b0 0000000000000078 t _smCleanup
0000000000012430 0000000000000048 T smAddOverrideHandle
0000000000012480 0000000000000054 T smGetServiceOverride
00000000000124e0 00000000000001ac T smInitialize
0000000000012690 0000000000000048 T smExit
00000000000126e0 00000000000000d0 T smGetServiceOriginal
00000000000127b0 0000000000000120 T smGetServiceWrapper
00000000000128d0 000000000000000c T nwindowGetDefault
00000000000128e0 00000000000000a4 T __nx_win_init
0000000000012990 0000000000000034 T __nx_win_exit
00000000000129d0 000000000000008c T framebufferMakeLinear
0000000000012a60 0000000000000084 T framebufferClose
0000000000012af0 0000000000000290 T framebufferCreate
0000000000012d80 000000000000007c T framebufferBegin
0000000000012e00 0000000000000190 T framebufferEnd
0000000000012f90 0000000000000024 T nwindowIsValid
0000000000012fc0 000000000000007c T nwindowClose
0000000000013040 00000000000000f8 T nwindowCreate
0000000000013140 0000000000000038 T nwindowCreateFromLayer
0000000000013180 0000000000000084 T nwindowSetDimensions
0000000000013210 0000000000000180 T nwindowConfigureBuffer
0000000000013390 00000000000001cc T nwindowDequeueBuffer
0000000000013560 000000000000012c T nwindowQueueBuffer
0000000000013690 00000000000000bc T nwindowReleaseBuffers
0000000000013750 0000000000000004 W __libnx_alloc
0000000000013760 0000000000000014 W __libnx_aligned_alloc
0000000000013780 0000000000000004 W __libnx_free
0000000000013790 000000000000001c W diagAbortWithResult
00000000000137b0 0000000000000208 T envSetup
00000000000139c0 0000000000000020 T envGetMainThreadHandle
00000000000139e0 000000000000000c T envIsNso
00000000000139f0 0000000000000014 T envHasHeapOverride
0000000000013a10 000000000000000c T envGetHeapOverrideAddr
0000000000013a20 000000000000000c T envGetHeapOverrideSize
0000000000013a30 0000000000000014 T envHasArgv
0000000000013a50 000000000000000c T envGetArgv
0000000000013a60 000000000000000c T envGetExitFuncPtr
0000000000013a70 000000000000000c T envSetExitFuncPtr
0000000000013a80 000000000000000c T envHasRandomSeed
0000000000013a90 0000000000000010 T envGetRandomSeed
0000000000013aa0 0000000000000014 T hosversionGet
0000000000013ac0 0000000000000010 T hosversionSet
0000000000013ad0 000000000000009c T padConfigureInput
0000000000013b70 0000000000000024 T padInitializeWithMask
0000000000013ba0 0000000000000294 T padUpdate
0000000000013e34 T armDCacheFlush
0000000000013e64 t armDCacheFlush_L0
0000000000013e80 T svcSetHeapSize
0000000000013e94 T svcSetMemoryPermission
0000000000013e9c T svcSetMemoryAttribute
0000000000013ea4 T svcUnmapMemory
0000000000013eac T svcQueryMemory
0000000000013ec0 T svcExitProcess
0000000000013ec8 T svcSleepThread
0000000000013ed0 T svcMapSharedMemory
0000000000013ed8 T svcUnmapSharedMemory
0000000000013ee0 T svcCreateTransferMemory
0000000000013ef4 T svcCloseHandle
0000000000013efc T svcResetSignal
0000000000013f04 T svcWaitSynchronization
0000000000013f18 T svcArbitrateLock
0000000000013f20 T svcArbitrateUnlock
0000000000013f28 T svcWaitProcessWideKeyAtomic
0000000000013f30 T svcSignalProcessWideKey
0000000000013f38 T svcConnectToNamedPort
0000000000013f4c T svcSendSyncRequest
0000000000013f54 T svcBreak
0000000000013f5c T svcReturnFromException
0000000000013f64 T svcGetInfo
0000000000013f78 T svcUnmapTransferMemory
0000000000013f80 T __aarch64_read_tp
0000000000013f90 000000000000000c T eventLoadRemote
0000000000013fa0 0000000000000034 T eventWait
0000000000013fe0 0000000000000054 T eventClose
0000000000014040 00000000000000c8 T mutexLock
0000000000014110 0000000000000068 T mutexUnlock
0000000000014180 000000000000001c T mutexIsLockedByCurrentThread
00000000000141a0 0000000000000058 T rmutexLock
0000000000014200 000000000000001c T rmutexUnlock
0000000000014220 00000000000000a8 T tmemCreate
00000000000142d0 0000000000000034 T tmemUnmap
0000000000014310 0000000000000030 T tmemCloseHandle
0000000000014340 000000000000009c T tmemWaitForPermission
00000000000143e0 0000000000000050 T tmemClose
0000000000014430 0000000000000064 t _memregionInitWithInfo
00000000000144a0 0000000000000004 W __libnx_virtmem_rng
00000000000144b0 0000000000000164 t _memregionFindRandom
0000000000014620 0000000000000140 T virtmemSetup
0000000000014760 000000000000000c T virtmemLock
0000000000014770 000000000000000c T virtmemUnlock
0000000000014780 0000000000000050 T virtmemFindAslr
00000000000147d0 000000000000057c T waitObjects
0000000000014d50 00000000000000d4 t _apmCleanup
0000000000014e30 0000000000000194 T apmInitialize
0000000000014fd0 0000000000000048 T apmExit
0000000000015020 00000000000000c8 T apmSetPerformanceConfiguration
00000000000150f0 000000000000012c t _hidCleanup
0000000000015220 00000000000000d4 t _hidCmdInAruidNoOut
0000000000015300 00000000000000e0 t _hidCmdInU32AruidNoOut
00000000000153e0 0000000000000194 t _hidGetStates
0000000000015580 000000000000026c T hidInitialize
00000000000157f0 0000000000000048 T hidExit
0000000000015840 000000000000000c T hidGetSharedmemAddr
0000000000015850 0000000000000090 T hidGetNpadStyleSet
00000000000158e0 0000000000000084 T hidInitializeNpad
0000000000015970 00000000000000a4 T hidGetNpadStatesFullKey
0000000000015a20 00000000000000a4 T hidGetNpadStatesHandheld
0000000000015ad0 00000000000000a4 T hidGetNpadStatesJoyDual
0000000000015b80 00000000000000a4 T hidGetNpadStatesJoyLeft
0000000000015c30 00000000000000a4 T hidGetNpadStatesJoyRight
0000000000015ce0 0000000000000144 T hidGetNpadStatesGc
0000000000015e30 00000000000000a8 T hidGetNpadStatesSystemExt
0000000000015ee0 0000000000000008 T hidSetSupportedNpadStyleSet
0000000000015ef0 0000000000000100 T hidSetSupportedNpadIdType
0000000000015ff0 00000000000000d0 t _nvCleanup
00000000000160c0 00000000000000d4 t _nvCmdInitialize.constprop.0
00000000000161a0 0000000000000018 W __nx_nv_create_tmem
00000000000161c0 00000000000003a8 T nvInitialize
0000000000016570 0000000000000048 T nvExit
00000000000165c0 00000000000000f4 T nvConvertError
00000000000166c0 0000000000000114 T nvOpen
00000000000167e0 0000000000000310 T nvIoctl
0000000000016af0 00000000000000d4 T nvClose
0000000000016bd0 000000000000010c T nvQueryEvent
0000000000016ce0 0000000000000230 t _viCleanup
0000000000016f10 0000000000000100 t _viCmdGetSessionNoParams.constprop.0
0000000000017010 0000000000000368 T viInitialize
0000000000017380 0000000000000048 T viExit
00000000000173d0 000000000000000c T viGetSession_IHOSBinderDriverRelay
00000000000173e0 000000000000010c T viOpenDisplay
00000000000174f0 00000000000000ec T viCloseDisplay
00000000000175e0 00000000000000f4 T viCloseLayer
00000000000176e0 0000000000000394 T viCreateLayer
0000000000017a80 00000000000000d8 T viSetLayerScalingMode
0000000000017b60 0000000000000074 t _nvFenceCleanup
0000000000017be0 0000000000000098 T nvFenceInit
0000000000017c80 0000000000000048 T nvFenceExit
0000000000017cd0 0000000000000290 T nvFenceWait
0000000000017f60 000000000000007c T nvMultiFenceWait
0000000000017fe0 00000000000000ac T nvMapInit
0000000000018090 0000000000000074 T nvMapExit
0000000000018110 000000000000008c T nvMapClose
00000000000181a0 0000000000000160 T nvMapCreate
0000000000018300 0000000000000024 T nvioctlNvhostCtrl_EventSignal
0000000000018330 000000000000003c T nvioctlNvhostCtrl_EventWait
0000000000018370 0000000000000028 T nvioctlNvhostCtrl_EventWaitAsync
00000000000183a0 0000000000000024 T nvioctlNvhostCtrl_EventRegister
00000000000183d0 0000000000000024 T nvioctlNvhostCtrl_EventUnregister
0000000000018400 000000000000003c T nvioctlNvmap_Create
0000000000018440 0000000000000030 T nvioctlNvmap_Alloc
0000000000018470 0000000000000030 T nvioctlNvmap_Free
00000000000184a0 000000000000003c T nvioctlNvmap_GetId
00000000000184e0 000000000000001c T binderCreate
0000000000018500 000000000000035c T binderTransactParcel
0000000000018860 00000000000000e8 T binderConvertErrorCode
0000000000018950 0000000000000124 T binderAdjustRefcount
0000000000018a80 000000000000009c T binderInitSession
0000000000018b20 000000000000005c T binderClose
0000000000018b80 0000000000000154 T binderGetNativeHandle
0000000000018ce0 00000000000000c8 T bqRequestBuffer
0000000000018db0 0000000000000128 T bqDequeueBuffer
0000000000018ee0 00000000000000c8 T bqQueueBuffer
0000000000018fb0 0000000000000084 T bqCancelBuffer
0000000000019040 00000000000000d0 T bqConnect
0000000000019110 0000000000000088 T bqDisconnect
00000000000191a0 0000000000000194 T bqSetPreallocatedBuffer
0000000000019340 0000000000000030 T parcelCreate
0000000000019370 0000000000000174 T parcelTransact
00000000000194f0 0000000000000080 T parcelWriteData
0000000000019570 0000000000000088 T parcelReadData
0000000000019600 0000000000000020 T parcelWriteInt32
0000000000019620 0000000000000020 T parcelWriteUInt32
0000000000019640 000000000000007c T parcelWriteString16
00000000000196c0 0000000000000030 T parcelWriteInterfaceToken
00000000000196f0 0000000000000024 T parcelReadInt32
0000000000019720 0000000000000068 T parcelReadFlattenedObject
0000000000019790 0000000000000044 T parcelWriteFlattenedObject
00000000000197e0 0000000000000314 W argvSetup
0000000000019b00 00000000000001fc T __nx_dynamic
0000000000019d00 00000000000000d0 W __libnx_initheap
0000000000019dd0 00000000000000ec W __appInit
0000000000019ec0 0000000000000044 W __appExit
0000000000019f10 000000000000002c W __libnx_init
0000000000019f40 000000000000001c W __libnx_exit
0000000000019f60 000000000000001c T __syscall_exit
0000000000019f80 0000000000000034 T __syscall_getreent
0000000000019fc0 0000000000000004 T __syscall_lock_acquire
0000000000019fd0 0000000000000004 T __syscall_lock_release
0000000000019fe0 0000000000000004 T __syscall_lock_acquire_recursive
0000000000019ff0 0000000000000004 T __syscall_lock_release_recursive
000000000001a000 000000000000025c T __libnx_init_time
000000000001a260 0000000000000098 T newlibSetup
000000000001a300 00000000000000e8 T nxlinkSetup
000000000001a3f0 0000000000000010 t fsdev_link
000000000001a400 0000000000000010 t fsdev_dirreset
000000000001a410 0000000000000010 t fsdev_chmod
000000000001a420 0000000000000018 t error_cmp
000000000001a440 0000000000000020 t fsdev_dirclose
000000000001a460 000000000000001c t fsdev_close
000000000001a480 0000000000000074 t fsdev_converttimetoutc
000000000001a500 00000000000000d4 t fsdevFindDevice.part.0
000000000001a5e0 00000000000001cc t fsdev_fixpath
000000000001a7b0 000000000000009c t _fsdevUnmountDeviceStruct.part.0
000000000001a850 0000000000000010 t fsdev_fchmod
000000000001a860 0000000000000100 t fsdev_diropen
000000000001a960 00000000000000f8 t fsdev_statvfs
000000000001aa60 000000000000007c t fsdev_fsync
000000000001aae0 00000000000000ec t fsdev_fstat
000000000001abd0 0000000000000094 t fsdev_ftruncate
000000000001ac70 00000000000001d8 t fsdev_stat
000000000001ae50 000000000000014c t fsdev_rename
000000000001afa0 000000000000013c t fsdev_chdir
000000000001b0e0 00000000000000a4 t fsdev_rmdir
000000000001b190 00000000000000a4 t fsdev_mkdir
000000000001b240 00000000000000a4 t fsdev_unlink
000000000001b2f0 000000000000013c t fsdev_write_safe
000000000001b430 0000000000000134 t fsdev_read_safe
000000000001b570 0000000000000100 t fsdev_read
000000000001b670 00000000000001d4 t fsdev_dirnext
000000000001b850 0000000000000124 t fsdev_write
000000000001b980 0000000000000110 t fsdev_seek
000000000001ba90 0000000000000230 t fsdev_open
000000000001bcc0 0000000000000324 T fsdevMountDevice
000000000001bff0 0000000000000040 T fsdevMountSdmc
000000000001c030 00000000000000bc T __libnx_init_cwd
000000000001c0f0 0000000000000064 T fsdevUnmountAll
000000000001c160 0000000000000128 T decode_utf8
000000000001c288 W __libnx_exception_entry
000000000001c314 t __libnx_exception_entry_start
000000000001c43c t __libnx_exception_entry_abort
000000000001c440 t __libnx_exception_entry_end
000000000001c448 T __libnx_exception_returnentry
000000000001c460 0000000000000070 T condvarWaitTimeout
000000000001c4d0 0000000000000410 T randomGet
000000000001c8e0 0000000000000020 T randomGet64
000000000001c900 0000000000000014 T shmemLoadRemote
000000000001c920 0000000000000070 T shmemMap
000000000001c990 0000000000000034 T shmemUnmap
000000000001c9d0 000000000000004c T shmemClose
000000000001ca20 00000000000000b0 T __libnx_init_thread
000000000001cad0 00000000000000b4 t _fsCleanup
000000000001cb90 00000000000001c0 t _fsCmdNoIO
000000000001cd50 00000000000001e0 t _fsFsCmdWithInPath
000000000001cf30 00000000000001f8 t _fsFsCmdWithTwoInPaths
000000000001d130 000000000000028c t _fsFsOpenCommon
000000000001d3c0 00000000000001fc t _fsFsCmdWithInPathAndOutU64
000000000001d5c0 00000000000000f8 t _fsObjectClose
000000000001d6c0 000000000000017c t _fsCmdGetSession.constprop.0
000000000001d840 00000000000002f8 T fsInitialize
000000000001db40 0000000000000048 T fsExit
000000000001db90 0000000000000008 T fsOpenSdCardFileSystem
000000000001dba0 00000000000001ec T fsFsCreateFile
000000000001dd90 0000000000000008 T fsFsDeleteFile
000000000001dda0 0000000000000008 T fsFsCreateDirectory
000000000001ddb0 0000000000000008 T fsFsDeleteDirectory
000000000001ddc0 0000000000000008 T fsFsRenameFile
000000000001ddd0 0000000000000008 T fsFsRenameDirectory
000000000001dde0 00000000000001f0 T fsFsGetEntryType
000000000001dfd0 0000000000000008 T fsFsOpenFile
000000000001dfe0 0000000000000008 T fsFsOpenDirectory
000000000001dff0 0000000000000008 T fsFsGetFreeSpace
000000000001e000 0000000000000008 T fsFsGetTotalSpace
000000000001e010 0000000000000230 T fsFsGetFileTimeStampRaw
000000000001e240 0000000000000004 T fsFsClose
000000000001e250 0000000000000214 T fsFileRead
000000000001e470 00000000000001f8 T fsFileWrite
000000000001e670 0000000000000008 T fsFileFlush
000000000001e680 00000000000001c0 T fsFileSetSize
000000000001e680 00000000000001c0 t fsFileSetSize.localalias
000000000001e840 00000000000001d4 T fsFileGetSize
000000000001e840 00000000000001d4 t fsFileGetSize.localalias
000000000001ea20 0000000000000004 T fsFileClose
000000000001ea30 0000000000000004 T fsDirClose
000000000001ea40 0000000000000204 T fsDirRead
000000000001ec50 00000000000000d0 t _setsysGetFirmwareVersionImpl
000000000001ed20 0000000000000078 t _setsysCleanup
000000000001eda0 00000000000000a0 T setsysInitialize
000000000001ee40 0000000000000048 T setsysExit
000000000001ee90 0000000000000048 T setsysGetFirmwareVersion
000000000001eee0 000000000000027c t _timeCleanup
000000000001f160 0000000000000100 t _timeCmdGetSession.constprop.0
000000000001f260 0000000000000104 t _timeReadClockFromSharedMem
000000000001f370 0000000000000300 T timeInitialize
000000000001f670 0000000000000048 T timeExit
000000000001f6c0 0000000000000038 T timeGetServiceSession_SystemClock
000000000001f700 00000000000000fc T timeGetCurrentTime
000000000001f800 0000000000000108 T timeToCalendarTimeWithMyRule
000000000001f910 0000000000000114 T timeToPosixTimeWithMyRule
000000000001fa30 0000000000000184 T sessionmgrCreate
000000000001fbc0 0000000000000084 T sessionmgrClose
000000000001fc50 00000000000000a8 T sessionmgrAttachClient
000000000001fd00 0000000000000060 T sessionmgrDetachClient
000000000001fd60 0000000000000498 T pow
0000000000020200 000000000000007c T ldexp
0000000000020280 0000000000000018 T finite
00000000000202a0 0000000000000034 t with_errno
00000000000202e0 0000000000000018 t xflow
0000000000020300 000000000000000c t __math_uflow
0000000000020320 000000000000000c t __math_oflow
0000000000020340 0000000000000020 t __math_divzero
0000000000020360 0000000000000020 t __math_invalid
0000000000020380 0000000000000014 t __math_check_uflow
00000000000203a0 0000000000000020 t __math_check_oflow
00000000000203c0 000000000000010c T scalbn
00000000000204e0 0000000000000064 T __assert_func
0000000000020560 0000000000000130 T _fclose_r
00000000000206a0 000000000000001c T fclose
00000000000206c0 0000000000000104 T memset
00000000000207e0 0000000000000034 T setenv
0000000000020820 0000000000000080 T fprintf
00000000000208a0 000000000000002c T stat
00000000000208e0 00000000000000b8 T __submore
00000000000209a0 0000000000000220 T _ungetc_r
0000000000020bc0 000000000000002c T ungetc
0000000000020c00 0000000000000134 T strcmp
0000000000020d40 0000000000000080 T fiprintf
0000000000020dc0 00000000000001b4 T strncmp
0000000000020f80 000000000000001c t stdio_exit_handler
0000000000020fa0 000000000000006c t cleanup_stdio
0000000000021020 0000000000000134 t global_stdio_init.part.0
0000000000021160 000000000000000c T __sfp_lock_acquire
0000000000021180 000000000000000c T __sfp_lock_release
00000000000211a0 0000000000000138 T __sfp
00000000000212e0 0000000000000054 T __sinit
0000000000021340 00000000000001a4 t _strtoul_l.isra.0
0000000000021500 0000000000000040 T strtoul
0000000000021540 00000000000000a4 T __libc_init_array
0000000000021600 0000000000000088 T strncat
00000000000216a0 0000000000000098 T _fwalk_sglue
0000000000021740 00000000000000b4 T bsearch
0000000000021800 0000000000000014 T __errno
0000000000021820 000000000000002c T calloc
0000000000021860 000000000000002c T aligned_alloc
00000000000218a0 0000000000000018 T abort
00000000000218c0 000000000000022c T memcpy
00000000000218c0 T memmove
0000000000021aec 0000000000000790 t get_arg
000000000002227c 0000000000003bd4 T _vfprintf_r
0000000000025e50 00000000000000d0 t __sbprintf
0000000000025f20 00000000000000bc T _calloc_r
0000000000025fe0 00000000000000cc T fgetc
00000000000260c0 000000000000002c T realloc
0000000000026100 0000000000000004 T _fseek_r
0000000000026120 0000000000000034 T fseek
0000000000026160 0000000000000840 T _malloc_r
00000000000269a0 00000000000001a4 t quorem
0000000000026b60 0000000000001320 T _dtoa_r
0000000000027e80 00000000000000d0 T _wcrtomb_r
0000000000027f60 000000000000011c T _malloc_trim_r
0000000000028080 00000000000002d8 T _free_r
0000000000028360 00000000000002c0 t _strtol_l.part.0
0000000000028620 0000000000000078 T strtol
00000000000286a0 0000000000000038 T malloc
00000000000286e0 000000000000001c T free
0000000000028700 00000000000001ec T __sflush_r
0000000000028900 00000000000000bc T _fflush_r
00000000000289c0 0000000000000028 T gmtime
0000000000028a00 0000000000000130 T strlen
0000000000028b40 0000000000000568 T _realloc_r
00000000000290c0 0000000000000330 T _fread_r
0000000000029400 0000000000000034 T fread
0000000000029440 00000000000000b8 T strnlen
0000000000029500 000000000000000c T __malloc_lock
0000000000029520 000000000000000c T __malloc_unlock
0000000000029540 0000000000000258 T _setenv_r
00000000000297a0 0000000000000004 W __call_exitprocs
00000000000297c0 0000000000000120 T _fopen_r
00000000000298e0 000000000000002c T fopen
0000000000029920 0000000000000070 T __srget_r
00000000000299a0 00000000000000ac T strncpy
0000000000029a60 0000000000000010 T _wcsrtombs_r
0000000000029a80 000000000000012c T __swsetup_r
0000000000029bc0 000000000000007c T frexp
0000000000029c40 000000000000004c T __sread
0000000000029ca0 0000000000000070 T __swrite
0000000000029d20 0000000000000050 T __sseek
0000000000029d80 0000000000000008 T __sclose
0000000000029da0 000000000000009c T _raise_r
0000000000029e40 000000000000001c T raise
0000000000029e60 000000000000000c T __env_lock
0000000000029e80 000000000000000c T __env_unlock
0000000000029ea0 00000000000000a4 T _Balloc
0000000000029f60 0000000000000020 T _Bfree
0000000000029f80 0000000000000118 T __multadd
000000000002a0a0 0000000000000094 T __hi0bits
000000000002a140 0000000000000100 T __lo0bits
000000000002a240 000000000000004c T __i2b
000000000002a2a0 0000000000000210 T __multiply
000000000002a4c0 0000000000000104 T __pow5mult
000000000002a5e0 0000000000000174 T __lshift
000000000002a760 0000000000000050 T __mcmp
000000000002a7c0 00000000000001c4 T __mdiff
000000000002a9a0 000000000000014c T __d2b
000000000002ab00 000000000000002c T __locale_mb_cur_max
000000000002ab40 00000000000002a0 T gmtime_r
000000000002ade0 0000000000000790 t get_arg
000000000002b570 0000000000002964 T _vfiprintf_r
000000000002ded4 00000000000000d0 t __sbprintf
000000000002dfc0 000000000000018c T _memalign_r
000000000002e160 0000000000000188 T _wcsnrtombs_l
000000000002e300 0000000000000054 T _wcsnrtombs_r
000000000002e380 00000000000000dc T memchr
000000000002e460 00000000000002dc T __utf8_mbtowc
000000000002e740 00000000000004c0 T _fseeko_r
000000000002ec00 0000000000000038 T __sprint_r
000000000002ec40 00000000000000cc T strchr
000000000002ed20 0000000000000008 T __localeconv_l
000000000002ed40 0000000000000028 T _localeconv_r
000000000002ed80 00000000000000b8 T __sflags
000000000002ee40 0000000000000044 T __libc_fini_array
000000000002eea0 0000000000000038 t lflush
000000000002eee0 0000000000000190 T __srefill_r
000000000002f080 00000000000000b0 T __swhatbuf_r
000000000002f140 00000000000000e8 T __smakebuf_r
000000000002f240 00000000000000f4 T _findenv_r
000000000002f340 00000000000000e0 T __utf8_wctomb
000000000002f420 00000000000004a4 T __sfvwrite_r
000000000002f8e0 0000000000000020 T _exit
000000000002f900 000000000000016c T chdir
000000000002fa80 0000000000000218 T _concatenate_path
000000000002fca0 000000000000009c T _fstat_r
000000000002fd40 0000000000000010 T _getpid_r
000000000002fd60 0000000000000020 T __getreent
000000000002fd80 00000000000000a0 T __release_handle
000000000002fe20 0000000000000130 T __alloc_handle
000000000002ff60 0000000000000060 T __get_handle
000000000002ffc0 00000000000000f4 T _close_r
00000000000300c0 0000000000000008 t null_write
00000000000300e0 0000000000000018 T setDefaultDevice
0000000000030100 0000000000000110 T FindDevice
0000000000030220 0000000000000034 T RemoveDevice
0000000000030260 00000000000000c4 T AddDevice
0000000000030340 0000000000000034 T GetDeviceOpTab
0000000000030380 0000000000000008 T _isatty_r
00000000000303a0 0000000000000010 T _kill_r
00000000000303c0 00000000000000a0 T _lseek_r
0000000000030460 00000000000000f0 T _open_r
0000000000030560 00000000000000b0 T _read_r
0000000000030620 0000000000000078 W _sbrk_r
00000000000306a0 000000000000008c T _stat_r
0000000000030740 0000000000000014 T __libc_lock_acquire
0000000000030760 0000000000000014 T __libc_lock_release
0000000000030780 0000000000000014 T __libc_lock_acquire_recursive
00000000000307a0 0000000000000014 T __libc_lock_release_recursive
00000000000307c0 00000000000000b0 T _write_r
0000000000030880 0000000000000380 t __trunctfdf2
0000000000030c00 0000000000000070 t __sfp_handle_exceptions
0000000000030c80 0000000000000104 T strrchr
0000000000030d88 T _init
0000000000030dc0 T _fini
0000000000031de0 0000000000000017 r __func__.11
0000000000031df8 000000000000001f r __func__.16
0000000000031e18 0000000000000012 r __func__.10
0000000000031e30 0000000000000024 r mul_table.9
0000000000031e60 0000000000000024 r shift_table.8
0000000000031e90 0000000000000013 r length_dezigzag.0
0000000000031eb0 0000000000000120 r stbi__zdefault_length
0000000000031fd0 0000000000000020 r stbi__zdefault_distance
0000000000031ff0 000000000000007c r stbi__zlength_base
0000000000032070 000000000000007c r stbi__zlength_extra
00000000000320f0 0000000000000080 r stbi__zdist_base
0000000000032170 0000000000000080 r stbi__zdist_extra
00000000000321f0 0000000000000015 r __func__.12
0000000000032208 000000000000001b r __func__.17
0000000000032228 0000000000000005 r first_row_filter
0000000000032230 0000000000000009 r stbi__depth_scale_table
0000000000032240 0000000000000044 r stbi__bmask
0000000000032290 0000000000000040 r stbi__jbias
00000000000322d0 0000000000000017 r __func__.4
00000000000322f0 000000000000004f r stbi__jpeg_dezigzag
0000000000032340 0000000000000005 r tag.7
0000000000032348 0000000000000006 r tag.6
0000000000032350 0000000000000003 r rgb.5
0000000000032358 0000000000000008 r png_sig.19
00000000000323e0 000000000000001d r __func__.15
0000000000032400 000000000000001b r __func__.14
0000000000032420 0000000000000010 r __func__.13
0000000000032430 000000000000000f r __func__.3
0000000000032440 0000000000000020 r __func__.20
0000000000032460 0000000000000021 r __func__.2
0000000000032482 0000000000000002 R ScreenHeight
0000000000032484 0000000000000002 R ScreenWidth
0000000000032530 0000000000000014 r CSWTCH.1000
0000000000032550 0000000000000038 r g_nvColorFmtTable
0000000000032588 0000000000000024 r s_emptyFence.0
0000000000032620 0000000000000023 r g_bq_InterfaceDescriptor
0000000000032648 0000000000000020 r error_table
0000000000032670 0000000000000870 R __exp_data
0000000000032ee0 0000000000001048 R __pow_log_data
0000000000034090 0000000000000010 r zeroes.0
00000000000340a0 0000000000000010 r blanks.1
00000000000340b0 0000000000000101 R _ctype_
00000000000341b8 000000000000006c R __action_table
0000000000034228 000000000000006c R __state_table
0000000000034298 0000000000000100 R __chclass
0000000000034398 000000000000000c r p05.0
00000000000343a8 0000000000000028 R __mprec_bigtens
00000000000343d0 00000000000000c8 R __mprec_tens
0000000000034590 0000000000000010 r zeroes.0
00000000000345a0 0000000000000010 r blanks.1
00000000000345b0 r __tls_align
00000000000345b8 r __EH_FRAME_BEGIN__
00000000000345b8 r __eh_frame_hdr_end
00000000000345b8 r __eh_frame_hdr_start
000000000003a7b4 r __FRAME_END__
000000000003b000 d __frame_dummy_init_array_entry
000000000003b000 d __init_array_start
000000000003b000 d __preinit_array_end
000000000003b000 d __preinit_array_start
000000000003b000 d __relro_start
000000000003b008 d __do_global_dtors_aux_fini_array_entry
000000000003b008 d __fini_array_start
000000000003b008 d __init_array_end
000000000003b010 d __fini_array_end
000000000003b010 0000000000000018 d stbi__stdio_callbacks
000000000003b028 0000000000000100 d fsdev_devoptab
000000000003b128 0000000000000100 D dotab_stdnull
000000000003b228 a _DYNAMIC
000000000003b378 d __got_start__
000000000003b378 a _GLOBAL_OFFSET_TABLE_
000000000003b5f8 d __got_end__
000000000003c000 d __data_start
000000000003c000 0000000000000004 d stbi__l2h_gamma
000000000003c004 0000000000000004 d stbi__l2h_scale
000000000003c008 0000000000000004 d stbi__h2l_gamma_i
000000000003c00c 0000000000000004 d stbi__h2l_scale_i
000000000003c010 0000000000000019 d invalid_chunk.18
000000000003c02a 0000000000000002 D FramebufferWidth
000000000003c02c 0000000000000002 D FramebufferHeight
000000000003c02e 0000000000000001 D FramebufferPixelSize
000000000003c030 0000000000000002 D img_alert_time_out_height
000000000003c032 0000000000000002 D img_alert_time_out_width
000000000003c038 0000000000000008 V __nx_applet_init_timeout
000000000003c040 0000000000000001 V __nx_applet_auto_notifyrunning
000000000003c044 0000000000000004 V __nx_applet_type
000000000003c048 0000000000000004 V __nx_nv_transfermem_size
000000000003c04c 0000000000000004 V __nx_nv_service_type
000000000003c050 0000000000000004 d g_viServiceType
000000000003c054 0000000000000004 V __nx_vi_stray_layer_flags
000000000003c058 0000000000000004 d g_ctrl_fd
000000000003c05c 0000000000000004 d g_nvmap_fd
000000000003c060 0000000000000008 V __nx_exception_stack_size
000000000003c068 0000000000000001 V __nx_fsdev_support_cwd
000000000003c06c 0000000000000004 V __nx_fsdev_direntry_cache_size
000000000003c070 0000000000000004 V __nx_fs_num_sessions
000000000003c078 0000000000000018 D __sglue
000000000003c090 0000000000000008 D __malloc_sbrk_base
000000000003c098 0000000000000008 D __malloc_trim_threshold
000000000003c0a0 0000000000000810 D __malloc_av_
000000000003c8b0 0000000000000008 D _impure_ptr
000000000003c8b8 0000000000000180 D _impure_data
000000000003ca38 00000000000001a8 D __global_locale
000000000003cbe0 0000000000000008 D environ
000000000003cbf0 0000000000000400 d _current_working_directory
000000000003d000 0000000000002000 d handles
000000000003f000 0000000000000010 d __stderr_handle
000000000003f010 0000000000000010 d __stdout_handle
000000000003f020 0000000000000010 d __stdin_handle
000000000003f030 0000000000000118 D devoptab_list
000000000003f148 0000000000000004 d defaultDevice
000000000003f150 b __bss_start__
000000000003f150 d __tdata_lma
000000000003f150 d __tdata_lma_end
000000000003f150 b completed.1
000000000003f158 b object.0
000000000003f188 0000000000000004 b stbi__vertically_flip_on_load_global
000000000003f18c 0000000000000004 b stbi__de_iphone_flag_global
000000000003f190 0000000000000004 b stbi__unpremultiply_on_load_global
000000000003f198 0000000000000018 B noImage
000000000003f1b0 0000000000000030 B imagesBuffer
000000000003f1e0 0000000000000008 b g_appletGuard
000000000003f1e8 0000000000000001 b g_appletInfoInitialized
000000000003f1f0 0000000000000050 b g_appletInfo
000000000003f240 0000000000000004 b g_appletCpuBoostMode
000000000003f248 000000000000000c b g_appletLibraryAppletLaunchableEvent
000000000003f254 0000000000000001 b g_appletSuspendedTickInitialized
000000000003f258 0000000000000008 b g_appletSuspendedTick
000000000003f260 0000000000000008 b g_appletInitTickBase
000000000003f268 000000000000000c b g_appletSuspendedTickEvent
000000000003f274 0000000000000001 b g_appletCopyrightInitialized
000000000003f278 0000000000000028 b g_appletCopyrightTmem
000000000003f2a0 0000000000000004 b g_appletRecordingInitialized
000000000003f2a8 0000000000000028 b g_appletRecordingTmem
000000000003f2d0 0000000000000018 b g_appletFirstHook
000000000003f2e8 0000000000000001 b g_appletNotifiedRunning
000000000003f2e9 0000000000000001 b g_appletFocusState
000000000003f2ec 0000000000000004 b g_appletPerformanceMode
000000000003f2f0 0000000000000001 b g_appletOperationMode
000000000003f2f8 0000000000000008 b g_appletResourceUserId
000000000003f300 000000000000000c b g_appletMessageEvent
000000000003f310 0000000000000010 b g_appletIDebugFunctions
000000000003f320 0000000000000010 b g_appletIDisplayController
000000000003f330 0000000000000010 b g_appletIAudioController
000000000003f340 0000000000000010 b g_appletIWindowController
000000000003f350 0000000000000010 b g_appletISelfController
000000000003f360 0000000000000010 b g_appletICommonStateGetter
000000000003f370 0000000000000010 b g_appletILibraryAppletCreator
000000000003f380 0000000000000010 b g_appletIProcessWindingController
000000000003f390 0000000000000010 b g_appletILibraryAppletSelfAccessor
000000000003f3a0 0000000000000010 b g_appletIApplicationCreator
000000000003f3b0 0000000000000010 b g_appletIGlobalStateController
000000000003f3c0 0000000000000010 b g_appletIFunctions
000000000003f3d0 0000000000000010 b g_appletIAppletCommonFunctions
000000000003f3e0 0000000000000004 b g_appletExitProcessResult
000000000003f3e4 0000000000000001 b g_appletExitProcessFlag
000000000003f3e5 0000000000000001 b g_appletLeftInitialized
000000000003f3e8 0000000000000010 b g_appletProxySession
000000000003f3f8 0000000000000010 b g_appletSrv
000000000003f408 0000000000000004 V __nx_applet_exit_mode
000000000003f410 0000000000000008 V __nx_applet_PerformanceConfiguration
000000000003f418 0000000000000080 V __nx_applet_AppletAttribute
000000000003f498 0000000000000008 b g_smGuard
000000000003f4a0 0000000000000008 b g_smOverridesNum
000000000003f4a8 0000000000000180 b g_smOverrides
000000000003f628 0000000000000010 b g_smSrv
000000000003f638 0000000000000080 b g_defaultWin
000000000003f6b8 0000000000000010 b g_viLayer
000000000003f6c8 0000000000000050 b g_viDisplay
000000000003f718 0000000000000008 b g_userIdStorage
000000000003f720 0000000000000010 b g_randomSeed
000000000003f730 0000000000000001 b g_hasRandomSeed
000000000003f734 0000000000000004 b g_lastLoadResult
000000000003f738 0000000000000008 b g_nextLoadArgv
000000000003f740 0000000000000008 b g_nextLoadPath
000000000003f748 0000000000000004 b g_processHandle
000000000003f750 0000000000000018 b g_syscallHints
000000000003f768 0000000000000008 b g_overrideArgv
000000000003f770 0000000000000008 b g_overrideHeapSize
000000000003f778 0000000000000008 b g_overrideHeapAddr
000000000003f780 0000000000000008 b g_loaderRetAddr
000000000003f788 0000000000000004 b g_mainThreadHandle
000000000003f790 0000000000000008 b g_loaderInfoSize
000000000003f798 0000000000000008 b g_loaderInfo
000000000003f7a0 0000000000000001 b g_isNso
000000000003f7a4 0000000000000004 b g_hosVersion
000000000003f7a8 B __stack_top
000000000003f7b0 0000000000000001 b g_IsLegacyKernel
000000000003f7b8 0000000000000008 b g_Reservations
000000000003f7c0 0000000000000010 b g_StackRegion
000000000003f7d0 0000000000000010 b g_AslrRegion
000000000003f7e0 0000000000000010 b g_HeapRegion
000000000003f7f0 0000000000000010 b g_AliasRegion
000000000003f800 0000000000000004 b g_VirtmemMutex
000000000003f808 0000000000000008 b g_apmGuard
000000000003f810 0000000000000010 b g_apmISession
000000000003f820 0000000000000010 b g_apmSrv
000000000003f830 0000000000000008 b g_hidGuard
000000000003f838 0000000000000008 b g_sevenSixAxisSensorBuffer
000000000003f840 0000000000000020 b g_hidSharedmem
000000000003f860 0000000000000010 b g_hidIActiveVibrationDeviceList
000000000003f870 0000000000000010 b g_hidIAppletResource
000000000003f880 0000000000000010 b g_hidSrv
000000000003f890 0000000000000008 b g_nvGuard
000000000003f898 0000000000000028 b g_nvTransfermem
000000000003f8c0 0000000000000010 b g_nvSrvClone
000000000003f8d0 0000000000000010 b g_nvSrv
000000000003f8e0 0000000000000008 b g_viGuard
000000000003f8e8 0000000000000010 b g_viIHOSBinderDriverIndirect
000000000003f8f8 0000000000000010 b g_viIManagerDisplayService
000000000003f908 0000000000000010 b g_viISystemDisplayService
000000000003f918 0000000000000010 b g_viIHOSBinderDriverRelay
000000000003f928 0000000000000010 b g_viIApplicationDisplayService
000000000003f938 0000000000000010 b g_viRootService
000000000003f948 0000000000000008 V __nx_vi_layer_id
000000000003f950 0000000000000008 b g_nvFenceGuard
000000000003f958 0000000000000300 b g_NvEvents
000000000003fc58 0000000000000008 b g_NvEventUsedMask
000000000003fc60 0000000000000008 b g_nvMapGuard
000000000003fc68 0000000000000008 b g_argv_empty
000000000003fc70 0000000000000008 B __system_argv
000000000003fc78 0000000000000004 B __system_argc
000000000003fc80 0000000000000340 B __nx_exceptiondump
000000000003ffc0 0000000000000004 V __nx_exception_ignoredebug
000000000003ffd0 0000000000000400 V __nx_exception_stack
00000000000403d0 0000000000000008 V __nx_heap_size
00000000000403d8 0000000000000008 b __bootticks
00000000000403e0 0000000000000008 b __boottime
00000000000403e8 0000000000000004 V __nx_time_type
00000000000403f0 0000000000000004 B __nxlink_host
0000000000040400 0000000000002800 b fsdev_fsdevices
0000000000042c00 0000000000000004 b fsdev_fsdevice_cwd
0000000000042c04 0000000000000001 b fsdev_initialised
0000000000042c08 0000000000000004 b g_randMutex
0000000000042c0c 0000000000000001 b g_randInit
0000000000042c10 0000000000000040 b g_chacha
0000000000042c50 0000000000000038 b g_mainThread
0000000000042c88 0000000000000008 b g_threadList
0000000000042c90 0000000000000004 b g_threadMutex
0000000000042c98 0000000000000008 b g_fsGuard
0000000000042ca0 0000000000000054 b g_fsSessionMgr
0000000000042cf8 0000000000000010 b g_fsSrv
0000000000042d08 0000000000000008 b g_setsysGuard
0000000000042d10 0000000000000010 b g_setsysSrv
0000000000042d20 0000000000000008 b g_timeGuard
0000000000042d28 0000000000000020 b g_timeSharedmem
0000000000042d48 0000000000000010 b g_timeLocalSystemClock
0000000000042d58 0000000000000010 b g_timeTimeZoneService
0000000000042d68 0000000000000010 b g_timeSteadyClock
0000000000042d78 0000000000000010 b g_timeNetworkSystemClock
0000000000042d88 0000000000000010 b g_timeUserSystemClock
0000000000042d98 0000000000000010 b g_timeSrv
0000000000042da8 0000000000000004 V __nx_time_service_type
0000000000042db0 000000000000000c b __sfp_recursive_mutex
0000000000042dc0 0000000000000228 B __sf
0000000000042fe8 0000000000000008 B __stdio_exit_handler
0000000000042ff0 0000000000000050 B __malloc_current_mallinfo
0000000000043040 0000000000000008 B __malloc_max_total_mem
0000000000043048 0000000000000008 B __malloc_max_sbrked_mem
0000000000043050 0000000000000008 B __malloc_top_pad
0000000000043058 000000000000000c b __malloc_recursive_mutex
0000000000043064 0000000000000004 b alloced.0
0000000000043068 000000000000000c b __env_recursive_mutex
0000000000043078 0000000000000008 b initial_env
0000000000043080 0000000000000400 b temp_cwd
0000000000043480 0000000000000004 b __hndl_lock
0000000000043488 0000000000000008 B fake_heap_start
0000000000043490 0000000000000008 B fake_heap_end
0000000000043498 0000000000000008 b heap_start.0
00000000000434a0 b __tls_start
00000000000438d0 b __bss_end__
00000000000438d0 b __end__
00000000000438d0 b __tls_end
0000000000044000 b __argdata__
